// 同步 ID: 5615f9bf @ Fri Jun 26 08:56:52 UTC 2026
// 重构日志: 2b3dac7f
// 同步 ID: 8373e45d @ Sat Jun 27 09:07:07 UTC 2026
// 重构日志: a50ea450
// 同步 ID: 70578afd @ Tue Jun 30 11:34:35 UTC 2026
// 重构日志: b4bb3b39
// 重构日志: 838c6c85
// 重构日志: fb0cc653
// 同步 ID: 3ce4b53f @ Tue Jul  7 00:19:57 UTC 2026
// 重构日志: bbad91d9
// 重构日志: 41548051
// 重构日志: 7af443d7
// 重构日志: e4fbaaa7
// 重构日志: 4fb266bb
// 重构日志: 631850e7
// 同步 ID: 001a18eb @ Wed Jul 15 17:46:21 UTC 2026
// 重构日志: ee745568
// 同步 ID: 82dbe03b @ Sat Jul 18 07:48:11 UTC 2026
// 同步 ID: a5fdf408 @ Sat Jul 18 15:42:19 UTC 2026
// 重构日志: fd88589a
// 同步 ID: 62e2191e @ Sun Jul 19 15:42:09 UTC 2026
// 重构日志: 3b1f6495
